<?xml version="1.0" encoding="UTF-8"?>
<!-- Generated by org.testng.reporters.JUnitXMLReporter -->
<testsuite ignored="0" hostname="SidTamburi" failures="1" tests="4" name="Test" time="34.156" errors="0" timestamp="2026-02-01T00:11:47 IST">
  <testcase classname="demoshop.qa.tests.TestCase" name="testCase" time="3.378">
    <skipped/>
  </testcase> <!-- testCase -->
  <testcase classname="demoshop.qa.tests.TestCase" name="testCase" time="3.195">
    <skipped/>
  </testcase> <!-- testCase -->
  <testcase classname="demoshop.qa.tests.TestCase" name="testCase" time="3.811">
    <skipped/>
  </testcase> <!-- testCase -->
  <testcase classname="demoshop.qa.tests.TestCase" name="testCase" time="2.721">
    <failure type="java.lang.AssertionError" message="expected [Your registration ] but found [Your registration completed]">
      <![CDATA[java.lang.AssertionError: expected [Your registration ] but found [Your registration completed]
at demoshop.qa.tests.TestCase.testCase(TestCase.java:31)
at java.base/java.util.ArrayList.forEach(ArrayList.java:1597)
... Removed 31 stack frames]]>
    </failure>
  </testcase> <!-- testCase -->
</testsuite> <!-- Test -->
