<?xml version="1.0" encoding="UTF-8"?>
<testng-results ignored="0" total="1" passed="1" failed="0" skipped="0">
  <reporter-output>
  </reporter-output>
  <suite started-at="2026-02-02T12:33:58 IST" name="Default suite" finished-at="2026-02-02T12:33:58 IST" duration-ms="298">
    <groups>
    </groups>
    <test started-at="2026-02-02T12:33:58 IST" name="Default test" finished-at="2026-02-02T12:33:58 IST" duration-ms="298">
      <class name="demoshop.qa.tests.LoggingTestCase">
        <test-method signature="tc1()[pri:0, instance:demoshop.qa.tests.LoggingTestCase@19ae6bb]" started-at="2026-02-02T12:33:58 IST" name="tc1" finished-at="2026-02-02T12:33:58 IST" duration-ms="110" status="PASS">
          <reporter-output>
          </reporter-output>
        </test-method> <!-- tc1 -->
      </class> <!-- demoshop.qa.tests.LoggingTestCase -->
    </test> <!-- Default test -->
  </suite> <!-- Default suite -->
</testng-results>
