<?xml version="1.0" encoding="UTF-8"?>
<!-- Generated by org.testng.reporters.JUnitReportReporter -->
<testsuite hostname="SidTamburi" failures="0" tests="1" name="orangeHrm.qa.dataprovider.ExcelDataProvider" time="0.000" errors="0" timestamp="2026-01-18T09:28:19 IST" skipped="1">
  <testcase classname="orangeHrm.qa.dataprovider.ExcelDataProvider" name="testdata" time="0.000">
    <skipped/>
  </testcase> <!-- testdata -->
  <system-out/>
</testsuite> <!-- orangeHrm.qa.dataprovider.ExcelDataProvider -->
